21:12:06,748 DEBUG FileManager:162 - Add location: LocatorFile
21:12:06,752 DEBUG FileManager:162 - Add location: ClassLoaderLocator
21:12:06,754 DEBUG LocationMapper:156 - Failed to find configuration: file:location-mapping.rdf;file:location-mapping.n3;file:location-mapping.ttl;file:etc/location-mapping.rdf;file:etc/location-mapping.n3;file:etc/location-mapping.ttl
21:12:06,754 DEBUG FileManager:162 - Add location: LocatorFile
21:12:06,755 DEBUG FileManager:162 - Add location: LocatorURL
21:12:06,755 DEBUG FileManager:162 - Add location: ClassLoaderLocator
21:12:06,755 DEBUG FileManager:261 - loadModel(/home/jose/tmp/input.rdf)
21:12:06,871 DEBUG FileManager:479 - Not mapped: /home/jose/tmp/input.rdf
21:12:06,871 DEBUG FileManager:391 - Syntax guess: RDF/XML
21:12:06,871 DEBUG FileManager:546 - Found: /home/jose/tmp/input.rdf (LocatorFile)
21:21:57,619 DEBUG FileManager:162 - Add location: LocatorFile
21:21:57,623 DEBUG FileManager:162 - Add location: ClassLoaderLocator
21:21:57,626 DEBUG LocationMapper:156 - Failed to find configuration: file:location-mapping.rdf;file:location-mapping.n3;file:location-mapping.ttl;file:etc/location-mapping.rdf;file:etc/location-mapping.n3;file:etc/location-mapping.ttl
21:21:57,626 DEBUG FileManager:162 - Add location: LocatorFile
21:21:57,627 DEBUG FileManager:162 - Add location: LocatorURL
21:21:57,627 DEBUG FileManager:162 - Add location: ClassLoaderLocator
21:21:57,627 DEBUG FileManager:261 - loadModel(/home/jose/tmp/input.rdf)
21:21:57,755 DEBUG FileManager:479 - Not mapped: /home/jose/tmp/input.rdf
21:21:57,755 DEBUG FileManager:391 - Syntax guess: RDF/XML
21:21:57,756 DEBUG FileManager:546 - Found: /home/jose/tmp/input.rdf (LocatorFile)
21:21:57,909 DEBUG FileManager:261 - loadModel(/home/jose/tmp/input.rdf)
21:21:57,909 DEBUG FileManager:479 - Not mapped: /home/jose/tmp/input.rdf
21:21:57,909 DEBUG FileManager:391 - Syntax guess: RDF/XML
21:21:57,910 DEBUG FileManager:546 - Found: /home/jose/tmp/input.rdf (LocatorFile)
21:29:00,583 DEBUG FileManager:162 - Add location: LocatorFile
21:29:00,587 DEBUG FileManager:162 - Add location: ClassLoaderLocator
21:29:00,589 DEBUG LocationMapper:156 - Failed to find configuration: file:location-mapping.rdf;file:location-mapping.n3;file:location-mapping.ttl;file:etc/location-mapping.rdf;file:etc/location-mapping.n3;file:etc/location-mapping.ttl
21:29:00,589 DEBUG FileManager:162 - Add location: LocatorFile
21:29:00,590 DEBUG FileManager:162 - Add location: LocatorURL
21:29:00,590 DEBUG FileManager:162 - Add location: ClassLoaderLocator
21:29:00,590 DEBUG FileManager:261 - loadModel(/home/jose/tmp/input.rdf)
21:29:00,711 DEBUG FileManager:479 - Not mapped: /home/jose/tmp/input.rdf
21:29:00,711 DEBUG FileManager:391 - Syntax guess: RDF/XML
21:29:00,711 DEBUG FileManager:546 - Found: /home/jose/tmp/input.rdf (LocatorFile)
21:29:00,847 DEBUG FileManager:261 - loadModel(/home/jose/tmp/input.rdf)
21:29:00,847 DEBUG FileManager:479 - Not mapped: /home/jose/tmp/input.rdf
21:29:00,848 DEBUG FileManager:391 - Syntax guess: RDF/XML
21:29:00,848 DEBUG FileManager:546 - Found: /home/jose/tmp/input.rdf (LocatorFile)
21:21:24,194 DEBUG ARQMgt:99 - Register MBean: com.hp.hpl.jena.sparql.system:type=Context
21:21:24,200 DEBUG ARQMgt:99 - Register MBean: com.hp.hpl.jena.sparql.system:type=Engine
21:21:24,313 DEBUG ARQMgt:99 - Register MBean: com.hp.hpl.jena.sparql.system:type=SystemInfo
21:21:24,320 DEBUG ARQMgt:99 - Register MBean: com.hp.hpl.jena.sparql.system:type=SystemInfo
21:21:24,324 DEBUG ARQMgt:99 - Register MBean: org.openjena.riot.system:type=SystemInfo
21:21:24,649 DEBUG TDB:217 - 
symbol:http://jena.hpl.hp.com/ARQ#regexImpl = symbol:http://jena.hpl.hp.com/ARQ#javaRegex
symbol:http://jena.hpl.hp.com/ARQ#constantBNodeLabels = true
symbol:http://jena.hpl.hp.com/ARQ#strictGraph = false
symbol:http://jena.hpl.hp.com/ARQ#strictSPARQL = false
symbol:http://jena.hpl.hp.com/ARQ#stageGenerator = com.hp.hpl.jena.tdb.solver.StageGeneratorDirectTDB@5a925c95
symbol:http://jena.hpl.hp.com/ARQ#enablePropertyFunctions = true
symbol:http://jena.hpl.hp.com/ARQ#romanNumerals = false
symbol:http://jena.hpl.hp.com/ARQ#optFilterPlacement = false
symbol:http://jena.hpl.hp.com/ARQ/system#opExecutorFactory = com.hp.hpl.jena.tdb.solver.OpExecutorTDB$1@3efc68a7
21:21:24,660 DEBUG ARQMgt:99 - Register MBean: org.apache.jena.tdb.system:type=SystemInfo
21:21:24,731 DEBUG BlockAccessMapped:74 - Segment:8388608  BlockSize=8192  blocksPerSegment=1024
21:21:24,741 DEBUG BlockAccessMapped:74 - Segment:8388608  BlockSize=8192  blocksPerSegment=1024
21:21:24,766 DEBUG BlockAccessMapped:226 - Segment: 0
21:21:24,772 DEBUG BlockAccessMapped:226 - Segment: 0
21:21:24,844 DEBUG BlockAccessMapped:74 - Segment:8388608  BlockSize=8192  blocksPerSegment=1024
21:21:24,845 DEBUG BlockAccessMapped:74 - Segment:8388608  BlockSize=8192  blocksPerSegment=1024
21:21:24,845 DEBUG BlockAccessMapped:226 - Segment: 0
21:21:24,846 DEBUG BlockAccessMapped:226 - Segment: 0
21:21:24,895 DEBUG BlockAccessMapped:74 - Segment:8388608  BlockSize=8192  blocksPerSegment=1024
21:21:24,903 DEBUG BlockAccessMapped:74 - Segment:8388608  BlockSize=8192  blocksPerSegment=1024
21:21:24,904 DEBUG BlockAccessMapped:226 - Segment: 0
21:21:24,905 DEBUG BlockAccessMapped:226 - Segment: 0
21:21:24,948 DEBUG BlockAccessMapped:74 - Segment:8388608  BlockSize=8192  blocksPerSegment=1024
21:21:24,949 DEBUG BlockAccessMapped:74 - Segment:8388608  BlockSize=8192  blocksPerSegment=1024
21:21:24,950 DEBUG BlockAccessMapped:226 - Segment: 0
21:21:24,951 DEBUG BlockAccessMapped:226 - Segment: 0
21:21:25,002 DEBUG BlockAccessMapped:74 - Segment:8388608  BlockSize=8192  blocksPerSegment=1024
21:21:25,004 DEBUG BlockAccessMapped:74 - Segment:8388608  BlockSize=8192  blocksPerSegment=1024
21:21:25,004 DEBUG BlockAccessMapped:226 - Segment: 0
21:21:25,006 DEBUG BlockAccessMapped:226 - Segment: 0
21:21:25,043 DEBUG BlockAccessMapped:74 - Segment:8388608  BlockSize=8192  blocksPerSegment=1024
21:21:25,044 DEBUG BlockAccessMapped:74 - Segment:8388608  BlockSize=8192  blocksPerSegment=1024
21:21:25,045 DEBUG BlockAccessMapped:226 - Segment: 0
21:21:25,046 DEBUG BlockAccessMapped:226 - Segment: 0
21:21:25,092 DEBUG BlockAccessMapped:74 - Segment:8388608  BlockSize=8192  blocksPerSegment=1024
21:21:25,093 DEBUG BlockAccessMapped:74 - Segment:8388608  BlockSize=8192  blocksPerSegment=1024
21:21:25,095 DEBUG BlockAccessMapped:226 - Segment: 0
21:21:25,096 DEBUG BlockAccessMapped:226 - Segment: 0
21:21:25,137 DEBUG BlockAccessMapped:74 - Segment:8388608  BlockSize=8192  blocksPerSegment=1024
21:21:25,138 DEBUG BlockAccessMapped:74 - Segment:8388608  BlockSize=8192  blocksPerSegment=1024
21:21:25,139 DEBUG BlockAccessMapped:226 - Segment: 0
21:21:25,143 DEBUG BlockAccessMapped:226 - Segment: 0
21:21:25,192 DEBUG BlockAccessMapped:74 - Segment:8388608  BlockSize=8192  blocksPerSegment=1024
21:21:25,193 DEBUG BlockAccessMapped:74 - Segment:8388608  BlockSize=8192  blocksPerSegment=1024
21:21:25,195 DEBUG BlockAccessMapped:226 - Segment: 0
21:21:25,195 DEBUG BlockAccessMapped:226 - Segment: 0
21:21:25,236 DEBUG BlockAccessMapped:74 - Segment:8388608  BlockSize=8192  blocksPerSegment=1024
21:21:25,236 DEBUG BlockAccessMapped:74 - Segment:8388608  BlockSize=8192  blocksPerSegment=1024
21:21:25,237 DEBUG BlockAccessMapped:226 - Segment: 0
21:21:25,237 DEBUG BlockAccessMapped:226 - Segment: 0
21:21:25,283 DEBUG BlockAccessMapped:74 - Segment:8388608  BlockSize=8192  blocksPerSegment=1024
21:21:25,284 DEBUG BlockAccessMapped:74 - Segment:8388608  BlockSize=8192  blocksPerSegment=1024
21:21:25,284 DEBUG BlockAccessMapped:226 - Segment: 0
21:21:25,284 DEBUG BlockAccessMapped:226 - Segment: 0
21:21:25,327 DEBUG BlockAccessMapped:74 - Segment:8388608  BlockSize=8192  blocksPerSegment=1024
21:21:25,328 DEBUG BlockAccessMapped:74 - Segment:8388608  BlockSize=8192  blocksPerSegment=1024
21:21:25,328 DEBUG BlockAccessMapped:226 - Segment: 0
21:21:25,329 DEBUG BlockAccessMapped:226 - Segment: 0
21:21:25,385 DEBUG LockMRSW:60 - Lock : main
21:21:25,416 DEBUG ARQMgt:99 - Register MBean: org.apache.jena.tdb.system:type=Transactions
21:21:25,607 DEBUG LockMRSW:60 - Lock : main
21:21:25,647 DEBUG FileManager:162 - Add location: LocatorFile
21:21:25,648 DEBUG FileManager:162 - Add location: ClassLoaderLocator
21:21:25,650 DEBUG LocationMapper:156 - Failed to find configuration: file:location-mapping.rdf;file:location-mapping.n3;file:location-mapping.ttl;file:etc/location-mapping.rdf;file:etc/location-mapping.n3;file:etc/location-mapping.ttl
21:21:25,650 DEBUG FileManager:162 - Add location: LocatorFile
21:21:25,652 DEBUG FileManager:162 - Add location: LocatorURL
21:21:25,652 DEBUG FileManager:162 - Add location: ClassLoaderLocator
21:21:25,652 DEBUG FileManager:331 - readModel(model,/home/jose/tmp/input.rdf)
21:21:25,652 DEBUG FileManager:347 - readModel(model,/home/jose/tmp/input.rdf, null)
21:21:25,653 DEBUG FileManager:479 - Not mapped: /home/jose/tmp/input.rdf
21:21:25,653 DEBUG FileManager:391 - Syntax guess: RDF/XML
21:21:25,654 DEBUG FileManager:546 - Found: /home/jose/tmp/input.rdf (LocatorFile)
21:21:26,123 DEBUG FileManager:261 - loadModel(/home/jose/tmp/input.rdf)
21:21:26,124 DEBUG FileManager:479 - Not mapped: /home/jose/tmp/input.rdf
21:21:26,124 DEBUG FileManager:391 - Syntax guess: RDF/XML
21:21:26,125 DEBUG FileManager:546 - Found: /home/jose/tmp/input.rdf (LocatorFile)
